<?xml version="1.0" encoding="UTF-8"?>
<!-- Generated by org.testng.reporters.JUnitReportReporter -->
<testsuite hostname="Shriprasad" failures="0" tests="1" name="testCases.Complete_Page_test6" time="12.235" errors="0" timestamp="2024-07-18T13:29:05 IST" skipped="0">
  <testcase classname="testCases.Complete_Page_test6" name="verifyBackHomebtnTest" time="12.235"/>
  <system-out>
    <![CDATA[Url of Page https://www.saucedemo.com/inventory.html]]>
  </system-out>
</testsuite> <!-- testCases.Complete_Page_test6 -->
