<?xml version="1.0" encoding="UTF-8"?>
<!-- Generated by org.testng.reporters.JUnitReportReporter -->
<testsuite hostname="Shriprasad" failures="0" tests="1" name="testCases.Login_Page_test1" time="37.861" errors="0" timestamp="2024-07-22T20:46:55 IST" skipped="0">
  <testcase classname="testCases.Login_Page_test1" name="logintoapplicationTest" time="37.861"/>
  <system-out>
    <![CDATA[URL after Login to App =https://www.saucedemo.com/inventory.html]]>
  </system-out>
</testsuite> <!-- testCases.Login_Page_test1 -->
